<?xml version="1.0" encoding="UTF-8"?>
<!-- Generated by org.testng.reporters.JUnitXMLReporter -->
<testsuite ignored="0" hostname="acer" failures="0" tests="7" name="ChromeTest" time="0.719" errors="0" timestamp="2023-02-12T17:19:14 IST">
  <testcase classname="assignment12.TestNGTask" name="@BeforeTest setUp" time="0.36">
    <failure type="java.lang.IllegalStateException" message="The path to the driver executable The path to the driver executable must be set by the webdriver.chrome.driver system property; for more information, see https://chromedriver.chromium.org/. The latest version can be downloaded from https://chromedriver.chromium.org/downloads">
      <![CDATA[java.lang.IllegalStateException: The path to the driver executable The path to the driver executable must be set by the webdriver.chrome.driver system property; for more information, see https://chromedriver.chromium.org/. The latest version can be downloaded from https://chromedriver.chromium.org/downloads
at org.openqa.selenium.internal.Require$StateChecker.nonNull(Require.java:314)
at org.openqa.selenium.remote.service.DriverService.findExecutable(DriverService.java:149)
at org.openqa.selenium.chrome.ChromeDriverService.access$000(ChromeDriverService.java:42)
at org.openqa.selenium.chrome.ChromeDriverService$Builder.findDefaultExecutable(ChromeDriverService.java:315)
at org.openqa.selenium.remote.service.DriverService$Builder.build(DriverService.java:456)
at org.openqa.selenium.chrome.ChromeDriverService.createDefaultService(ChromeDriverService.java:147)
at org.openqa.selenium.chrome.ChromeDriver.<init>(ChromeDriver.java:50)
at helper.Utility.startBrowser(Utility.java:76)
at assignment12.TestNGTask.setUp(TestNGTask.java:24)
at java.base/java.util.concurrent.FutureTask.run(FutureTask.java:264)
at java.base/java.util.concurrent.ThreadPoolExecutor.runWorker(ThreadPoolExecutor.java:1136)
at java.base/java.util.concurrent.ThreadPoolExecutor$Worker.run(ThreadPoolExecutor.java:635)
at java.base/java.lang.Thread.run(Thread.java:833)
... Removed 14 stack frames]]>
    </failure>
  </testcase> <!-- @BeforeTest setUp -->
  <testcase classname="assignment12.TestNGTask" name="@AfterTest tearDown" time="0.0">
    <skipped/>
  </testcase> <!-- @AfterTest tearDown -->
  <testcase classname="assignment12.TestNGTask" name="loginScenario" time="0.0">
    <skipped/>
  </testcase> <!-- loginScenario -->
  <testcase classname="assignment12.TestNGTask" name="clickManageCourse" time="0.0">
    <skipped/>
  </testcase> <!-- clickManageCourse -->
  <testcase classname="assignment12.TestNGTask" name="clickAddNewCourse" time="0.0">
    <skipped/>
  </testcase> <!-- clickAddNewCourse -->
  <testcase classname="assignment12.TestNGTask" name="addNewCourseForm" time="0.001">
    <skipped/>
  </testcase> <!-- addNewCourseForm -->
  <testcase classname="assignment12.TestNGTask" name="verifyCourse" time="0.0">
    <skipped/>
  </testcase> <!-- verifyCourse -->
  <testcase classname="assignment12.TestNGTask" name="verifyCourseDeleted" time="0.0">
    <skipped/>
  </testcase> <!-- verifyCourseDeleted -->
  <testcase classname="assignment12.TestNGTask" name="signOut" time="0.0">
    <skipped/>
  </testcase> <!-- signOut -->
</testsuite> <!-- ChromeTest -->
